<?xml version="1.0" encoding="UTF-8"?>
<coverage generated="1708109207009" clover="3.2.0">
  <project timestamp="1708109207009" name="All files">
    <metrics statements="10" coveredstatements="10" conditionals="3" coveredconditionals="3" methods="6" coveredmethods="6" elements="19" coveredelements="19" complexity="0" loc="10" ncloc="10" packages="1" files="1" classes="1"/>
    <file name="useCounter.jsx" path="D:\Repos\React\05-hook-app\src\hooks\useCounter.jsx">
      <metrics statements="10" coveredstatements="10" conditionals="3" coveredconditionals="3" methods="6" coveredmethods="6"/>
      <line num="4" count="1" type="cond" truecount="1" falsecount="0"/>
      <line num="6" count="8" type="stmt"/>
      <line num="8" count="8" type="stmt"/>
      <line num="10" count="8" type="cond" truecount="1" falsecount="0"/>
      <line num="11" count="3" type="stmt"/>
      <line num="14" count="8" type="cond" truecount="1" falsecount="0"/>
      <line num="18" count="4" type="stmt"/>
      <line num="21" count="8" type="stmt"/>
      <line num="22" count="1" type="stmt"/>
      <line num="25" count="8" type="stmt"/>
    </file>
  </project>
</coverage>
